ARM GAS  C:\Users\Taylor\AppData\Local\Temp\ccHPuYtX.s 			page 1


   1              		.cpu cortex-m4
   2              		.arch armv7e-m
   3              		.fpu fpv4-sp-d16
   4              		.eabi_attribute 27, 1
   5              		.eabi_attribute 28, 1
   6              		.eabi_attribute 20, 1
   7              		.eabi_attribute 21, 1
   8              		.eabi_attribute 23, 3
   9              		.eabi_attribute 24, 1
  10              		.eabi_attribute 25, 1
  11              		.eabi_attribute 26, 1
  12              		.eabi_attribute 30, 1
  13              		.eabi_attribute 34, 1
  14              		.eabi_attribute 18, 4
  15              		.file	"main.c"
  16              		.text
  17              	.Ltext0:
  18              		.cfi_sections	.debug_frame
  19              		.file 1 "Src/main.c"
  20              		.section	.text.print_u32,"ax",%progbits
  21              		.align	1
  22              		.syntax unified
  23              		.thumb
  24              		.thumb_func
  26              	print_u32:
  27              	.LVL0:
  28              	.LFB133:
   1:Src/main.c    **** /**
   2:Src/main.c    ****  * main.c — WSN position receive test (no drive)
   3:Src/main.c    ****  *
   4:Src/main.c    ****  * The STM32 sits stationary, connected to the robot_esp via USART1.
   5:Src/main.c    ****  * It continuously sends temperature readings to the ESP (which forwards them
   6:Src/main.c    ****  * over Zigbee to the coordinator) and prints every position frame it receives
   7:Src/main.c    ****  * from the ESP to the ST-Link VCP on USART2 so it can be read in a terminal.
   8:Src/main.c    ****  *
   9:Src/main.c    ****  * Use this to verify the full chain:
  10:Src/main.c    ****  *   LM34 → USART1 → robot_esp → Zigbee → coordinator  (temperature path)
  11:Src/main.c    ****  *   anchors → Zigbee → robot_esp → trilateration → USART1 → here  (position path)
  12:Src/main.c    ****  *
  13:Src/main.c    ****  * Peripherals:
  14:Src/main.c    ****  *   USART2  PA2/PA3  115200 8N1  ST-Link VCP debug output      (uart.c)
  15:Src/main.c    ****  *   USART1  PA9/PA10 115200 8N1  ESP32-C6 link                  (uart1.c)
  16:Src/main.c    ****  *   ADC1    PA0      LM34 VOUT                                   (lm34.c)
  17:Src/main.c    ****  *   TIM6             µs/ms delays                                (clock.c)
  18:Src/main.c    ****  *
  19:Src/main.c    ****  * Wiring (STM32 ↔ ESP32-C6):
  20:Src/main.c    ****  *   STM32 PA9  (USART1_TX)  →  ESP32-C6 GPIO11 (RX)
  21:Src/main.c    ****  *   STM32 PA10 (USART1_RX)  ←  ESP32-C6 GPIO10 (TX)
  22:Src/main.c    ****  *   STM32 GND               —  ESP32-C6 GND
  23:Src/main.c    ****  */
  24:Src/main.c    **** 
  25:Src/main.c    **** #include <string.h>
  26:Src/main.c    **** #include "stm32l452xx.h"
  27:Src/main.c    **** #include "clock.h"
  28:Src/main.c    **** #include "lm34.h"
  29:Src/main.c    **** #include "uart.h"
  30:Src/main.c    **** #include "uart1.h"
ARM GAS  C:\Users\Taylor\AppData\Local\Temp\ccHPuYtX.s 			page 2


  31:Src/main.c    **** 
  32:Src/main.c    **** /* =========================================================================
  33:Src/main.c    ****  * Timing
  34:Src/main.c    ****  * ========================================================================= */
  35:Src/main.c    **** 
  36:Src/main.c    **** #define TEMP_INTERVAL_MS 4000U    /* how often to send temperature (ms)      */
  37:Src/main.c    **** #define TICK_MS            10U    /* main loop tick period (ms)               */
  38:Src/main.c    **** 
  39:Src/main.c    **** /* =========================================================================
  40:Src/main.c    ****  * UART1 frame protocol
  41:Src/main.c    ****  * ========================================================================= */
  42:Src/main.c    **** 
  43:Src/main.c    **** #define FRAME_START      0xAAu
  44:Src/main.c    **** #define FRAME_TYPE_TEMP  0x01u    /* STM32 → ESP: temperature                */
  45:Src/main.c    **** #define FRAME_TYPE_POS   0x02u    /* ESP → STM32: computed 2D position       */
  46:Src/main.c    **** 
  47:Src/main.c    **** /* =========================================================================
  48:Src/main.c    ****  * Temperature TX
  49:Src/main.c    ****  * ========================================================================= */
  50:Src/main.c    **** 
  51:Src/main.c    **** static void send_temp_frame(int16_t tenths_f)
  52:Src/main.c    **** {
  53:Src/main.c    ****     uint8_t lo = (uint8_t)((uint16_t)tenths_f & 0xFFu);
  54:Src/main.c    ****     uint8_t hi = (uint8_t)((uint16_t)tenths_f >> 8u);
  55:Src/main.c    ****     uint8_t frame[6] = {
  56:Src/main.c    ****         FRAME_START,
  57:Src/main.c    ****         FRAME_TYPE_TEMP,
  58:Src/main.c    ****         2u,
  59:Src/main.c    ****         lo,
  60:Src/main.c    ****         hi,
  61:Src/main.c    ****         (uint8_t)(FRAME_TYPE_TEMP ^ 2u ^ lo ^ hi)
  62:Src/main.c    ****     };
  63:Src/main.c    ****     UART1_SendBytes(frame, sizeof(frame));
  64:Src/main.c    **** }
  65:Src/main.c    **** 
  66:Src/main.c    **** /* =========================================================================
  67:Src/main.c    ****  * Debug print helpers (USART2 — no printf available)
  68:Src/main.c    ****  * ========================================================================= */
  69:Src/main.c    **** 
  70:Src/main.c    **** static void print_u32(uint32_t v)
  71:Src/main.c    **** {
  29              		.loc 1 71 1 view -0
  30              		.cfi_startproc
  31              		@ args = 0, pretend = 0, frame = 16
  32              		@ frame_needed = 0, uses_anonymous_args = 0
  33              		.loc 1 71 1 is_stmt 0 view .LVU1
  34 0000 10B5     		push	{r4, lr}
  35              	.LCFI0:
  36              		.cfi_def_cfa_offset 8
  37              		.cfi_offset 4, -8
  38              		.cfi_offset 14, -4
  39 0002 84B0     		sub	sp, sp, #16
  40              	.LCFI1:
  41              		.cfi_def_cfa_offset 24
  72:Src/main.c    ****     char buf[10];
  42              		.loc 1 72 5 is_stmt 1 view .LVU2
  73:Src/main.c    ****     int  n = 0;
ARM GAS  C:\Users\Taylor\AppData\Local\Temp\ccHPuYtX.s 			page 3


  43              		.loc 1 73 5 view .LVU3
  44              	.LVL1:
  74:Src/main.c    ****     if (v == 0u) { UART_SendChar('0'); return; }
  45              		.loc 1 74 5 view .LVU4
  46              		.loc 1 74 8 is_stmt 0 view .LVU5
  47 0004 10B1     		cbz	r0, .L9
  48 0006 0146     		mov	r1, r0
  73:Src/main.c    ****     int  n = 0;
  49              		.loc 1 73 10 view .LVU6
  50 0008 0022     		movs	r2, #0
  51 000a 14E0     		b	.L2
  52              	.L9:
  53              		.loc 1 74 20 is_stmt 1 discriminator 1 view .LVU7
  54 000c 3020     		movs	r0, #48
  55              	.LVL2:
  56              		.loc 1 74 20 is_stmt 0 discriminator 1 view .LVU8
  57 000e FFF7FEFF 		bl	UART_SendChar
  58              	.LVL3:
  59              		.loc 1 74 40 is_stmt 1 discriminator 1 view .LVU9
  60 0012 1EE0     		b	.L1
  61              	.LVL4:
  62              	.L4:
  75:Src/main.c    ****     while (v) { buf[n++] = (char)('0' + v % 10u); v /= 10u; }
  63              		.loc 1 75 17 discriminator 2 view .LVU10
  64              		.loc 1 75 43 is_stmt 0 discriminator 2 view .LVU11
  65 0014 104B     		ldr	r3, .L10
  66 0016 A3FB0103 		umull	r0, r3, r3, r1
  67 001a DB08     		lsrs	r3, r3, #3
  68 001c 1846     		mov	r0, r3
  69 001e 03EB8303 		add	r3, r3, r3, lsl #2
  70 0022 A1EB4303 		sub	r3, r1, r3, lsl #1
  71              	.LVL5:
  72              		.loc 1 75 28 discriminator 2 view .LVU12
  73 0026 3033     		adds	r3, r3, #48
  74              		.loc 1 75 26 discriminator 2 view .LVU13
  75 0028 02F11001 		add	r1, r2, #16
  76              	.LVL6:
  77              		.loc 1 75 26 discriminator 2 view .LVU14
  78 002c 6944     		add	r1, sp, r1
  79 002e 01F80C3C 		strb	r3, [r1, #-12]
  80              		.loc 1 75 51 is_stmt 1 discriminator 2 view .LVU15
  81              		.loc 1 75 53 is_stmt 0 discriminator 2 view .LVU16
  82 0032 0146     		mov	r1, r0
  83              	.LVL7:
  84              		.loc 1 75 22 discriminator 2 view .LVU17
  85 0034 0132     		adds	r2, r2, #1
  86              	.LVL8:
  87              	.L2:
  88              		.loc 1 75 12 is_stmt 1 discriminator 1 view .LVU18
  89 0036 0029     		cmp	r1, #0
  90 0038 ECD1     		bne	.L4
  91 003a 07E0     		b	.L5
  92              	.LVL9:
  93              	.L6:
  76:Src/main.c    ****     while (n--) UART_SendChar(buf[n]);
  94              		.loc 1 76 17 discriminator 2 view .LVU19
  95 003c 04F11003 		add	r3, r4, #16
ARM GAS  C:\Users\Taylor\AppData\Local\Temp\ccHPuYtX.s 			page 4


  96 0040 6B44     		add	r3, sp, r3
  97 0042 13F80C0C 		ldrb	r0, [r3, #-12]	@ zero_extendqisi2
  98 0046 FFF7FEFF 		bl	UART_SendChar
  99              	.LVL10:
 100              		.loc 1 76 13 is_stmt 0 discriminator 1 view .LVU20
 101 004a 2246     		mov	r2, r4
 102              	.LVL11:
 103              	.L5:
 104              		.loc 1 76 12 is_stmt 1 discriminator 1 view .LVU21
 105              		.loc 1 76 13 is_stmt 0 discriminator 1 view .LVU22
 106 004c 541E     		subs	r4, r2, #1
 107              	.LVL12:
 108              		.loc 1 76 12 discriminator 1 view .LVU23
 109 004e 002A     		cmp	r2, #0
 110 0050 F4D1     		bne	.L6
 111              	.LVL13:
 112              	.L1:
  77:Src/main.c    **** }
 113              		.loc 1 77 1 view .LVU24
 114 0052 04B0     		add	sp, sp, #16
 115              	.LCFI2:
 116              		.cfi_def_cfa_offset 8
 117              		@ sp needed
 118 0054 10BD     		pop	{r4, pc}
 119              	.L11:
 120 0056 00BF     		.align	2
 121              	.L10:
 122 0058 CDCCCCCC 		.word	-858993459
 123              		.cfi_endproc
 124              	.LFE133:
 126              		.section	.text.print_int16,"ax",%progbits
 127              		.align	1
 128              		.syntax unified
 129              		.thumb
 130              		.thumb_func
 132              	print_int16:
 133              	.LVL14:
 134              	.LFB134:
  78:Src/main.c    **** 
  79:Src/main.c    **** static void print_int16(int16_t v)
  80:Src/main.c    **** {
 135              		.loc 1 80 1 is_stmt 1 view -0
 136              		.cfi_startproc
 137              		@ args = 0, pretend = 0, frame = 0
 138              		@ frame_needed = 0, uses_anonymous_args = 0
 139              		.loc 1 80 1 is_stmt 0 view .LVU26
 140 0000 10B5     		push	{r4, lr}
 141              	.LCFI3:
 142              		.cfi_def_cfa_offset 8
 143              		.cfi_offset 4, -8
 144              		.cfi_offset 14, -4
  81:Src/main.c    ****     if (v < 0) { UART_SendChar('-'); print_u32((uint32_t)(-v)); }
 145              		.loc 1 81 5 is_stmt 1 view .LVU27
 146              		.loc 1 81 8 is_stmt 0 view .LVU28
 147 0002 041E     		subs	r4, r0, #0
 148 0004 03DB     		blt	.L16
  82:Src/main.c    ****     else        { print_u32((uint32_t)v); }
ARM GAS  C:\Users\Taylor\AppData\Local\Temp\ccHPuYtX.s 			page 5


 149              		.loc 1 82 19 is_stmt 1 view .LVU29
 150 0006 2046     		mov	r0, r4
 151              		.loc 1 82 19 is_stmt 0 view .LVU30
 152 0008 FFF7FEFF 		bl	print_u32
 153              	.LVL15:
 154              	.L12:
  83:Src/main.c    **** }
 155              		.loc 1 83 1 view .LVU31
 156 000c 10BD     		pop	{r4, pc}
 157              	.LVL16:
 158              	.L16:
  81:Src/main.c    ****     if (v < 0) { UART_SendChar('-'); print_u32((uint32_t)(-v)); }
 159              		.loc 1 81 18 is_stmt 1 discriminator 1 view .LVU32
 160 000e 2D20     		movs	r0, #45
 161              	.LVL17:
  81:Src/main.c    ****     if (v < 0) { UART_SendChar('-'); print_u32((uint32_t)(-v)); }
 162              		.loc 1 81 18 is_stmt 0 discriminator 1 view .LVU33
 163 0010 FFF7FEFF 		bl	UART_SendChar
 164              	.LVL18:
  81:Src/main.c    ****     if (v < 0) { UART_SendChar('-'); print_u32((uint32_t)(-v)); }
 165              		.loc 1 81 38 is_stmt 1 discriminator 1 view .LVU34
 166 0014 6042     		rsbs	r0, r4, #0
 167 0016 FFF7FEFF 		bl	print_u32
 168              	.LVL19:
 169 001a F7E7     		b	.L12
 170              		.cfi_endproc
 171              	.LFE134:
 173              		.section	.rodata.process_frame.str1.4,"aMS",%progbits,1
 174              		.align	2
 175              	.LC0:
 176 0000 5B504F53 		.ascii	"[POS] bad length\015\012\000"
 176      5D206261 
 176      64206C65 
 176      6E677468 
 176      0D0A00
 177 0013 00       		.align	2
 178              	.LC1:
 179 0014 5B504F53 		.ascii	"[POS] x=\000"
 179      5D20783D 
 179      00
 180 001d 000000   		.align	2
 181              	.LC2:
 182 0020 20636D20 		.ascii	" cm  y=\000"
 182      20793D00 
 183              		.align	2
 184              	.LC3:
 185 0028 20636D0D 		.ascii	" cm\015\012\000"
 185      0A00
 186 002e 0000     		.align	2
 187              	.LC4:
 188 0030 5B52585D 		.ascii	"[RX] unknown type 0x\000"
 188      20756E6B 
 188      6E6F776E 
 188      20747970 
 188      65203078 
 189 0045 000000   		.align	2
 190              	.LC6:
ARM GAS  C:\Users\Taylor\AppData\Local\Temp\ccHPuYtX.s 			page 6


 191 0048 0D0A00   		.ascii	"\015\012\000"
 192 004b 00       		.align	2
 193              	.LC5:
 194 004c 30313233 		.ascii	"0123456789ABCDEF\000"
 194      34353637 
 194      38394142 
 194      43444546 
 194      00
 195              		.section	.text.process_frame,"ax",%progbits
 196              		.align	1
 197              		.syntax unified
 198              		.thumb
 199              		.thumb_func
 201              	process_frame:
 202              	.LVL20:
 203              	.LFB136:
  84:Src/main.c    **** 
  85:Src/main.c    **** static void print_tenths(int32_t t)
  86:Src/main.c    **** {
  87:Src/main.c    ****     if (t < 0) { UART_SendChar('-'); t = -t; }
  88:Src/main.c    ****     print_u32((uint32_t)(t / 10));
  89:Src/main.c    ****     UART_SendChar('.');
  90:Src/main.c    ****     UART_SendChar((char)('0' + t % 10));
  91:Src/main.c    **** }
  92:Src/main.c    **** 
  93:Src/main.c    **** /* =========================================================================
  94:Src/main.c    ****  * Received frame handler
  95:Src/main.c    ****  * ========================================================================= */
  96:Src/main.c    **** 
  97:Src/main.c    **** static void process_frame(uint8_t type, const uint8_t *payload, uint8_t len)
  98:Src/main.c    **** {
 204              		.loc 1 98 1 view -0
 205              		.cfi_startproc
 206              		@ args = 0, pretend = 0, frame = 0
 207              		@ frame_needed = 0, uses_anonymous_args = 0
 208              		.loc 1 98 1 is_stmt 0 view .LVU36
 209 0000 38B5     		push	{r3, r4, r5, lr}
 210              	.LCFI4:
 211              		.cfi_def_cfa_offset 16
 212              		.cfi_offset 3, -16
 213              		.cfi_offset 4, -12
 214              		.cfi_offset 5, -8
 215              		.cfi_offset 14, -4
  99:Src/main.c    ****     switch (type) {
 216              		.loc 1 99 5 is_stmt 1 view .LVU37
 217 0002 0228     		cmp	r0, #2
 218 0004 19D1     		bne	.L18
 219              	.LBB2:
 100:Src/main.c    **** 
 101:Src/main.c    ****     case FRAME_TYPE_POS: {
 102:Src/main.c    ****         if (len < 4u) {
 220              		.loc 1 102 9 view .LVU38
 221              		.loc 1 102 12 is_stmt 0 view .LVU39
 222 0006 032A     		cmp	r2, #3
 223 0008 13D9     		bls	.L22
 103:Src/main.c    ****             UART_SendString("[POS] bad length\r\n");
 104:Src/main.c    ****             return;
ARM GAS  C:\Users\Taylor\AppData\Local\Temp\ccHPuYtX.s 			page 7


 105:Src/main.c    ****         }
 106:Src/main.c    ****         int16_t x, y;
 224              		.loc 1 106 9 is_stmt 1 view .LVU40
 107:Src/main.c    ****         memcpy(&x, &payload[0], sizeof(int16_t));
 225              		.loc 1 107 9 view .LVU41
 226 000a B1F90050 		ldrsh	r5, [r1]	@ unaligned
 227              	.LVL21:
 108:Src/main.c    ****         memcpy(&y, &payload[2], sizeof(int16_t));
 228              		.loc 1 108 9 view .LVU42
 229 000e B1F90240 		ldrsh	r4, [r1, #2]	@ unaligned
 230              	.LVL22:
 109:Src/main.c    ****         UART_SendString("[POS] x=");
 231              		.loc 1 109 9 view .LVU43
 232 0012 1348     		ldr	r0, .L23
 233              	.LVL23:
 234              		.loc 1 109 9 is_stmt 0 view .LVU44
 235 0014 FFF7FEFF 		bl	UART_SendString
 236              	.LVL24:
 110:Src/main.c    ****         print_int16(x);
 237              		.loc 1 110 9 is_stmt 1 view .LVU45
 238 0018 2846     		mov	r0, r5
 239 001a FFF7FEFF 		bl	print_int16
 240              	.LVL25:
 111:Src/main.c    ****         UART_SendString(" cm  y=");
 241              		.loc 1 111 9 view .LVU46
 242 001e 1148     		ldr	r0, .L23+4
 243 0020 FFF7FEFF 		bl	UART_SendString
 244              	.LVL26:
 112:Src/main.c    ****         print_int16(y);
 245              		.loc 1 112 9 view .LVU47
 246 0024 2046     		mov	r0, r4
 247 0026 FFF7FEFF 		bl	print_int16
 248              	.LVL27:
 113:Src/main.c    ****         UART_SendString(" cm\r\n");
 249              		.loc 1 113 9 view .LVU48
 250 002a 0F48     		ldr	r0, .L23+8
 251 002c FFF7FEFF 		bl	UART_SendString
 252              	.LVL28:
 114:Src/main.c    ****         break;
 253              		.loc 1 114 9 view .LVU49
 254 0030 14E0     		b	.L17
 255              	.LVL29:
 256              	.L22:
 103:Src/main.c    ****             return;
 257              		.loc 1 103 13 view .LVU50
 258 0032 0E48     		ldr	r0, .L23+12
 259              	.LVL30:
 103:Src/main.c    ****             return;
 260              		.loc 1 103 13 is_stmt 0 view .LVU51
 261 0034 FFF7FEFF 		bl	UART_SendString
 262              	.LVL31:
 104:Src/main.c    ****         }
 263              		.loc 1 104 13 is_stmt 1 view .LVU52
 264 0038 10E0     		b	.L17
 265              	.LVL32:
 266              	.L18:
 104:Src/main.c    ****         }
ARM GAS  C:\Users\Taylor\AppData\Local\Temp\ccHPuYtX.s 			page 8


 267              		.loc 1 104 13 is_stmt 0 view .LVU53
 268 003a 0446     		mov	r4, r0
 269              	.LBE2:
 115:Src/main.c    ****     }
 116:Src/main.c    **** 
 117:Src/main.c    ****     default:
 118:Src/main.c    ****         UART_SendString("[RX] unknown type 0x");
 270              		.loc 1 118 9 is_stmt 1 view .LVU54
 271 003c 0C48     		ldr	r0, .L23+16
 272              	.LVL33:
 273              		.loc 1 118 9 is_stmt 0 view .LVU55
 274 003e FFF7FEFF 		bl	UART_SendString
 275              	.LVL34:
 119:Src/main.c    ****         UART_SendChar("0123456789ABCDEF"[type >> 4u]);
 276              		.loc 1 119 9 is_stmt 1 view .LVU56
 277              		.loc 1 119 47 is_stmt 0 view .LVU57
 278 0042 2309     		lsrs	r3, r4, #4
 279              		.loc 1 119 9 view .LVU58
 280 0044 0B4D     		ldr	r5, .L23+20
 281 0046 E85C     		ldrb	r0, [r5, r3]	@ zero_extendqisi2
 282 0048 FFF7FEFF 		bl	UART_SendChar
 283              	.LVL35:
 120:Src/main.c    ****         UART_SendChar("0123456789ABCDEF"[type & 0xFu]);
 284              		.loc 1 120 9 is_stmt 1 view .LVU59
 285              		.loc 1 120 47 is_stmt 0 view .LVU60
 286 004c 04F00F04 		and	r4, r4, #15
 287              		.loc 1 120 9 view .LVU61
 288 0050 285D     		ldrb	r0, [r5, r4]	@ zero_extendqisi2
 289 0052 FFF7FEFF 		bl	UART_SendChar
 290              	.LVL36:
 121:Src/main.c    ****         UART_SendString("\r\n");
 291              		.loc 1 121 9 is_stmt 1 view .LVU62
 292 0056 0848     		ldr	r0, .L23+24
 293 0058 FFF7FEFF 		bl	UART_SendString
 294              	.LVL37:
 122:Src/main.c    ****         break;
 295              		.loc 1 122 9 view .LVU63
 296              	.L17:
 123:Src/main.c    ****     }
 124:Src/main.c    **** }
 297              		.loc 1 124 1 is_stmt 0 view .LVU64
 298 005c 38BD     		pop	{r3, r4, r5, pc}
 299              	.L24:
 300 005e 00BF     		.align	2
 301              	.L23:
 302 0060 14000000 		.word	.LC1
 303 0064 20000000 		.word	.LC2
 304 0068 28000000 		.word	.LC3
 305 006c 00000000 		.word	.LC0
 306 0070 30000000 		.word	.LC4
 307 0074 4C000000 		.word	.LC5
 308 0078 48000000 		.word	.LC6
 309              		.cfi_endproc
 310              	.LFE136:
 312              		.section	.rodata.uart1_rx_poll.str1.4,"aMS",%progbits,1
 313              		.align	2
 314              	.LC7:
ARM GAS  C:\Users\Taylor\AppData\Local\Temp\ccHPuYtX.s 			page 9


 315 0000 5B52585D 		.ascii	"[RX] checksum error\015\012\000"
 315      20636865 
 315      636B7375 
 315      6D206572 
 315      726F720D 
 316              		.section	.text.uart1_rx_poll,"ax",%progbits
 317              		.align	1
 318              		.syntax unified
 319              		.thumb
 320              		.thumb_func
 322              	uart1_rx_poll:
 323              	.LFB137:
 125:Src/main.c    **** 
 126:Src/main.c    **** /* =========================================================================
 127:Src/main.c    ****  * UART1 RX — non-blocking frame receiver
 128:Src/main.c    ****  * ========================================================================= */
 129:Src/main.c    **** 
 130:Src/main.c    **** typedef enum { RX_IDLE, RX_TYPE, RX_LEN, RX_PAYLOAD, RX_CHECKSUM } rx_state_t;
 131:Src/main.c    **** 
 132:Src/main.c    **** static rx_state_t s_rx_state = RX_IDLE;
 133:Src/main.c    **** static uint8_t    s_rx_type  = 0;
 134:Src/main.c    **** static uint8_t    s_rx_len   = 0;
 135:Src/main.c    **** static uint8_t    s_rx_idx   = 0;
 136:Src/main.c    **** static uint8_t    s_rx_cksum = 0;
 137:Src/main.c    **** static uint8_t    s_rx_buf[64];
 138:Src/main.c    **** 
 139:Src/main.c    **** static void uart1_rx_poll(void)
 140:Src/main.c    **** {
 324              		.loc 1 140 1 is_stmt 1 view -0
 325              		.cfi_startproc
 326              		@ args = 0, pretend = 0, frame = 0
 327              		@ frame_needed = 0, uses_anonymous_args = 0
 328 0000 08B5     		push	{r3, lr}
 329              	.LCFI5:
 330              		.cfi_def_cfa_offset 8
 331              		.cfi_offset 3, -8
 332              		.cfi_offset 14, -4
 141:Src/main.c    ****     /* Bytes are buffered by USART1_IRQHandler in uart1.c.
 142:Src/main.c    ****      * This function drains the ring buffer and advances the frame state machine. */
 143:Src/main.c    ****     while (UART1_DataAvailable()) {
 333              		.loc 1 143 5 view .LVU66
 334              		.loc 1 143 11 is_stmt 0 view .LVU67
 335 0002 0CE0     		b	.L26
 336              	.LVL38:
 337              	.L33:
 338              	.LBB3:
 144:Src/main.c    ****         uint8_t b = UART1_ReceiveByte();
 145:Src/main.c    ****         switch (s_rx_state) {
 146:Src/main.c    **** 
 147:Src/main.c    ****         case RX_IDLE:
 148:Src/main.c    ****             if (b == FRAME_START) s_rx_state = RX_TYPE;
 339              		.loc 1 148 13 is_stmt 1 view .LVU68
 340              		.loc 1 148 16 is_stmt 0 view .LVU69
 341 0004 AA28     		cmp	r0, #170
 342 0006 0AD1     		bne	.L26
 343              		.loc 1 148 35 is_stmt 1 discriminator 1 view .LVU70
 344              		.loc 1 148 46 is_stmt 0 discriminator 1 view .LVU71
ARM GAS  C:\Users\Taylor\AppData\Local\Temp\ccHPuYtX.s 			page 10


 345 0008 2D4B     		ldr	r3, .L44
 346 000a 0122     		movs	r2, #1
 347 000c 1A70     		strb	r2, [r3]
 348 000e 06E0     		b	.L26
 349              	.L32:
 149:Src/main.c    ****             break;
 150:Src/main.c    **** 
 151:Src/main.c    ****         case RX_TYPE:
 152:Src/main.c    ****             s_rx_type  = b;
 350              		.loc 1 152 13 is_stmt 1 view .LVU72
 351              		.loc 1 152 24 is_stmt 0 view .LVU73
 352 0010 2C4B     		ldr	r3, .L44+4
 353 0012 1870     		strb	r0, [r3]
 153:Src/main.c    ****             s_rx_cksum = b;
 354              		.loc 1 153 13 is_stmt 1 view .LVU74
 355              		.loc 1 153 24 is_stmt 0 view .LVU75
 356 0014 2C4B     		ldr	r3, .L44+8
 357 0016 1870     		strb	r0, [r3]
 154:Src/main.c    ****             s_rx_state = RX_LEN;
 358              		.loc 1 154 13 is_stmt 1 view .LVU76
 359              		.loc 1 154 24 is_stmt 0 view .LVU77
 360 0018 294B     		ldr	r3, .L44
 361 001a 0222     		movs	r2, #2
 362 001c 1A70     		strb	r2, [r3]
 155:Src/main.c    ****             break;
 363              		.loc 1 155 13 is_stmt 1 view .LVU78
 364              	.LVL39:
 365              	.L26:
 366              		.loc 1 155 13 is_stmt 0 view .LVU79
 367              	.LBE3:
 143:Src/main.c    ****         uint8_t b = UART1_ReceiveByte();
 368              		.loc 1 143 12 is_stmt 1 view .LVU80
 369 001e FFF7FEFF 		bl	UART1_DataAvailable
 370              	.LVL40:
 143:Src/main.c    ****         uint8_t b = UART1_ReceiveByte();
 371              		.loc 1 143 12 is_stmt 0 discriminator 1 view .LVU81
 372 0022 0028     		cmp	r0, #0
 373 0024 4BD0     		beq	.L42
 374              	.LBB4:
 144:Src/main.c    ****         switch (s_rx_state) {
 375              		.loc 1 144 9 is_stmt 1 view .LVU82
 144:Src/main.c    ****         switch (s_rx_state) {
 376              		.loc 1 144 21 is_stmt 0 view .LVU83
 377 0026 FFF7FEFF 		bl	UART1_ReceiveByte
 378              	.LVL41:
 145:Src/main.c    **** 
 379              		.loc 1 145 9 is_stmt 1 view .LVU84
 380 002a 254B     		ldr	r3, .L44
 381 002c 1B78     		ldrb	r3, [r3]	@ zero_extendqisi2
 382 002e 042B     		cmp	r3, #4
 383 0030 F5D8     		bhi	.L26
 384 0032 01A2     		adr	r2, .L29
 385 0034 52F823F0 		ldr	pc, [r2, r3, lsl #2]
 386              		.p2align 2
 387              	.L29:
 388 0038 05000000 		.word	.L33+1
 389 003c 11000000 		.word	.L32+1
ARM GAS  C:\Users\Taylor\AppData\Local\Temp\ccHPuYtX.s 			page 11


 390 0040 4D000000 		.word	.L31+1
 391 0044 6D000000 		.word	.L30+1
 392 0048 99000000 		.word	.L28+1
 393              		.p2align 1
 394              	.L31:
 156:Src/main.c    **** 
 157:Src/main.c    ****         case RX_LEN:
 158:Src/main.c    ****             s_rx_len   = b;
 395              		.loc 1 158 13 view .LVU85
 396              		.loc 1 158 24 is_stmt 0 view .LVU86
 397 004c 1F4B     		ldr	r3, .L44+12
 398 004e 1870     		strb	r0, [r3]
 159:Src/main.c    ****             s_rx_cksum ^= b;
 399              		.loc 1 159 13 is_stmt 1 view .LVU87
 400              		.loc 1 159 24 is_stmt 0 view .LVU88
 401 0050 1D4A     		ldr	r2, .L44+8
 402 0052 1378     		ldrb	r3, [r2]	@ zero_extendqisi2
 403 0054 4340     		eors	r3, r3, r0
 404 0056 1370     		strb	r3, [r2]
 160:Src/main.c    ****             s_rx_idx   = 0u;
 405              		.loc 1 160 13 is_stmt 1 view .LVU89
 406              		.loc 1 160 24 is_stmt 0 view .LVU90
 407 0058 1D4B     		ldr	r3, .L44+16
 408 005a 0022     		movs	r2, #0
 409 005c 1A70     		strb	r2, [r3]
 161:Src/main.c    ****             s_rx_state = (b == 0u) ? RX_CHECKSUM : RX_PAYLOAD;
 410              		.loc 1 161 13 is_stmt 1 view .LVU91
 411              		.loc 1 161 50 is_stmt 0 view .LVU92
 412 005e 18B9     		cbnz	r0, .L39
 413              		.loc 1 161 50 discriminator 1 view .LVU93
 414 0060 0422     		movs	r2, #4
 415              	.L34:
 416              		.loc 1 161 24 discriminator 4 view .LVU94
 417 0062 174B     		ldr	r3, .L44
 418 0064 1A70     		strb	r2, [r3]
 162:Src/main.c    ****             break;
 419              		.loc 1 162 13 is_stmt 1 view .LVU95
 420 0066 DAE7     		b	.L26
 421              	.L39:
 161:Src/main.c    ****             s_rx_state = (b == 0u) ? RX_CHECKSUM : RX_PAYLOAD;
 422              		.loc 1 161 50 is_stmt 0 discriminator 2 view .LVU96
 423 0068 0322     		movs	r2, #3
 424 006a FAE7     		b	.L34
 425              	.L30:
 163:Src/main.c    **** 
 164:Src/main.c    ****         case RX_PAYLOAD:
 165:Src/main.c    ****             if (s_rx_idx < sizeof(s_rx_buf)) {
 426              		.loc 1 165 13 is_stmt 1 view .LVU97
 427              		.loc 1 165 26 is_stmt 0 view .LVU98
 428 006c 184B     		ldr	r3, .L44+16
 429 006e 1B78     		ldrb	r3, [r3]	@ zero_extendqisi2
 430              		.loc 1 165 16 view .LVU99
 431 0070 3F2B     		cmp	r3, #63
 432 0072 01D8     		bhi	.L35
 166:Src/main.c    ****                 s_rx_buf[s_rx_idx] = b;
 433              		.loc 1 166 17 is_stmt 1 view .LVU100
 434              		.loc 1 166 36 is_stmt 0 view .LVU101
ARM GAS  C:\Users\Taylor\AppData\Local\Temp\ccHPuYtX.s 			page 12


 435 0074 174A     		ldr	r2, .L44+20
 436 0076 D054     		strb	r0, [r2, r3]
 437              	.L35:
 167:Src/main.c    ****             }
 168:Src/main.c    ****             s_rx_idx++;
 438              		.loc 1 168 13 is_stmt 1 view .LVU102
 439              		.loc 1 168 21 is_stmt 0 view .LVU103
 440 0078 0133     		adds	r3, r3, #1
 441 007a DBB2     		uxtb	r3, r3
 442 007c 144A     		ldr	r2, .L44+16
 443 007e 1370     		strb	r3, [r2]
 169:Src/main.c    ****             s_rx_cksum ^= b;
 444              		.loc 1 169 13 is_stmt 1 view .LVU104
 445              		.loc 1 169 24 is_stmt 0 view .LVU105
 446 0080 1149     		ldr	r1, .L44+8
 447 0082 0A78     		ldrb	r2, [r1]	@ zero_extendqisi2
 448 0084 4240     		eors	r2, r2, r0
 449 0086 0A70     		strb	r2, [r1]
 170:Src/main.c    ****             if (s_rx_idx >= s_rx_len) {
 450              		.loc 1 170 13 is_stmt 1 view .LVU106
 451              		.loc 1 170 26 is_stmt 0 view .LVU107
 452 0088 104A     		ldr	r2, .L44+12
 453 008a 1278     		ldrb	r2, [r2]	@ zero_extendqisi2
 454              		.loc 1 170 16 view .LVU108
 455 008c 9342     		cmp	r3, r2
 456 008e C6D3     		bcc	.L26
 171:Src/main.c    ****                 s_rx_state = RX_CHECKSUM;
 457              		.loc 1 171 17 is_stmt 1 view .LVU109
 458              		.loc 1 171 28 is_stmt 0 view .LVU110
 459 0090 0B4B     		ldr	r3, .L44
 460 0092 0422     		movs	r2, #4
 461 0094 1A70     		strb	r2, [r3]
 462 0096 C2E7     		b	.L26
 463              	.L28:
 172:Src/main.c    ****             }
 173:Src/main.c    ****             break;
 174:Src/main.c    **** 
 175:Src/main.c    ****         case RX_CHECKSUM:
 176:Src/main.c    ****             if (b == s_rx_cksum) {
 464              		.loc 1 176 13 is_stmt 1 view .LVU111
 465              		.loc 1 176 19 is_stmt 0 view .LVU112
 466 0098 0B4B     		ldr	r3, .L44+8
 467 009a 1B78     		ldrb	r3, [r3]	@ zero_extendqisi2
 468              		.loc 1 176 16 view .LVU113
 469 009c 8342     		cmp	r3, r0
 470 009e 06D0     		beq	.L43
 177:Src/main.c    ****                 process_frame(s_rx_type, s_rx_buf, s_rx_len);
 178:Src/main.c    ****             } else {
 179:Src/main.c    ****                 UART_SendString("[RX] checksum error\r\n");
 471              		.loc 1 179 17 is_stmt 1 view .LVU114
 472 00a0 0D48     		ldr	r0, .L44+24
 473              	.LVL42:
 474              		.loc 1 179 17 is_stmt 0 view .LVU115
 475 00a2 FFF7FEFF 		bl	UART_SendString
 476              	.LVL43:
 477              	.L37:
 180:Src/main.c    ****             }
ARM GAS  C:\Users\Taylor\AppData\Local\Temp\ccHPuYtX.s 			page 13


 181:Src/main.c    ****             s_rx_state = RX_IDLE;
 478              		.loc 1 181 13 is_stmt 1 view .LVU116
 479              		.loc 1 181 24 is_stmt 0 view .LVU117
 480 00a6 064B     		ldr	r3, .L44
 481 00a8 0022     		movs	r2, #0
 482 00aa 1A70     		strb	r2, [r3]
 182:Src/main.c    ****             break;
 483              		.loc 1 182 13 is_stmt 1 view .LVU118
 484 00ac B7E7     		b	.L26
 485              	.LVL44:
 486              	.L43:
 177:Src/main.c    ****                 process_frame(s_rx_type, s_rx_buf, s_rx_len);
 487              		.loc 1 177 17 view .LVU119
 488 00ae 074B     		ldr	r3, .L44+12
 489 00b0 1A78     		ldrb	r2, [r3]	@ zero_extendqisi2
 490 00b2 0849     		ldr	r1, .L44+20
 491 00b4 034B     		ldr	r3, .L44+4
 492 00b6 1878     		ldrb	r0, [r3]	@ zero_extendqisi2
 493              	.LVL45:
 177:Src/main.c    ****                 process_frame(s_rx_type, s_rx_buf, s_rx_len);
 494              		.loc 1 177 17 is_stmt 0 view .LVU120
 495 00b8 FFF7FEFF 		bl	process_frame
 496              	.LVL46:
 497 00bc F3E7     		b	.L37
 498              	.LVL47:
 499              	.L42:
 177:Src/main.c    ****                 process_frame(s_rx_type, s_rx_buf, s_rx_len);
 500              		.loc 1 177 17 view .LVU121
 501              	.LBE4:
 183:Src/main.c    ****         }
 184:Src/main.c    ****     }
 185:Src/main.c    **** }
 502              		.loc 1 185 1 view .LVU122
 503 00be 08BD     		pop	{r3, pc}
 504              	.L45:
 505              		.align	2
 506              	.L44:
 507 00c0 00000000 		.word	s_rx_state
 508 00c4 00000000 		.word	s_rx_type
 509 00c8 00000000 		.word	s_rx_cksum
 510 00cc 00000000 		.word	s_rx_len
 511 00d0 00000000 		.word	s_rx_idx
 512 00d4 00000000 		.word	s_rx_buf
 513 00d8 00000000 		.word	.LC7
 514              		.cfi_endproc
 515              	.LFE137:
 517              		.section	.text.send_temp_frame,"ax",%progbits
 518              		.align	1
 519              		.syntax unified
 520              		.thumb
 521              		.thumb_func
 523              	send_temp_frame:
 524              	.LVL48:
 525              	.LFB132:
  52:Src/main.c    ****     uint8_t lo = (uint8_t)((uint16_t)tenths_f & 0xFFu);
 526              		.loc 1 52 1 is_stmt 1 view -0
 527              		.cfi_startproc
ARM GAS  C:\Users\Taylor\AppData\Local\Temp\ccHPuYtX.s 			page 14


 528              		@ args = 0, pretend = 0, frame = 8
 529              		@ frame_needed = 0, uses_anonymous_args = 0
  52:Src/main.c    ****     uint8_t lo = (uint8_t)((uint16_t)tenths_f & 0xFFu);
 530              		.loc 1 52 1 is_stmt 0 view .LVU124
 531 0000 00B5     		push	{lr}
 532              	.LCFI6:
 533              		.cfi_def_cfa_offset 4
 534              		.cfi_offset 14, -4
 535 0002 83B0     		sub	sp, sp, #12
 536              	.LCFI7:
 537              		.cfi_def_cfa_offset 16
  53:Src/main.c    ****     uint8_t hi = (uint8_t)((uint16_t)tenths_f >> 8u);
 538              		.loc 1 53 5 is_stmt 1 view .LVU125
  53:Src/main.c    ****     uint8_t hi = (uint8_t)((uint16_t)tenths_f >> 8u);
 539              		.loc 1 53 13 is_stmt 0 view .LVU126
 540 0004 C3B2     		uxtb	r3, r0
 541              	.LVL49:
  54:Src/main.c    ****     uint8_t frame[6] = {
 542              		.loc 1 54 5 is_stmt 1 view .LVU127
  54:Src/main.c    ****     uint8_t frame[6] = {
 543              		.loc 1 54 13 is_stmt 0 view .LVU128
 544 0006 C0F30720 		ubfx	r0, r0, #8, #8
 545              	.LVL50:
  55:Src/main.c    ****         FRAME_START,
 546              		.loc 1 55 5 is_stmt 1 view .LVU129
  55:Src/main.c    ****         FRAME_START,
 547              		.loc 1 55 13 is_stmt 0 view .LVU130
 548 000a AA22     		movs	r2, #170
 549 000c 8DF80020 		strb	r2, [sp]
 550 0010 0122     		movs	r2, #1
 551 0012 8DF80120 		strb	r2, [sp, #1]
 552 0016 0222     		movs	r2, #2
 553 0018 8DF80220 		strb	r2, [sp, #2]
 554 001c 8DF80330 		strb	r3, [sp, #3]
 555 0020 8DF80400 		strb	r0, [sp, #4]
  61:Src/main.c    ****     };
 556              		.loc 1 61 9 view .LVU131
 557 0024 4340     		eors	r3, r3, r0
 558              	.LVL51:
  61:Src/main.c    ****     };
 559              		.loc 1 61 9 view .LVU132
 560 0026 83F00303 		eor	r3, r3, #3
  55:Src/main.c    ****         FRAME_START,
 561              		.loc 1 55 13 view .LVU133
 562 002a 8DF80530 		strb	r3, [sp, #5]
  63:Src/main.c    **** }
 563              		.loc 1 63 5 is_stmt 1 view .LVU134
 564 002e 0621     		movs	r1, #6
 565 0030 6846     		mov	r0, sp
 566              	.LVL52:
  63:Src/main.c    **** }
 567              		.loc 1 63 5 is_stmt 0 view .LVU135
 568 0032 FFF7FEFF 		bl	UART1_SendBytes
 569              	.LVL53:
  64:Src/main.c    **** 
 570              		.loc 1 64 1 view .LVU136
 571 0036 03B0     		add	sp, sp, #12
ARM GAS  C:\Users\Taylor\AppData\Local\Temp\ccHPuYtX.s 			page 15


 572              	.LCFI8:
 573              		.cfi_def_cfa_offset 4
 574              		@ sp needed
 575 0038 5DF804FB 		ldr	pc, [sp], #4
 576              		.cfi_endproc
 577              	.LFE132:
 579              		.section	.rodata.main.str1.4,"aMS",%progbits,1
 580              		.align	2
 581              	.LC8:
 582 0000 0D0A3D3D 		.ascii	"\015\012=== WSN position RX test ===\015\012\000"
 582      3D205753 
 582      4E20706F 
 582      73697469 
 582      6F6E2052 
 583 0021 000000   		.align	2
 584              	.LC9:
 585 0024 57616974 		.ascii	"Waiting for position frames from robot_esp...\015\012"
 585      696E6720 
 585      666F7220 
 585      706F7369 
 585      74696F6E 
 586 0053 0D0A00   		.ascii	"\015\012\000"
 587              		.section	.text.main,"ax",%progbits
 588              		.align	1
 589              		.global	main
 590              		.syntax unified
 591              		.thumb
 592              		.thumb_func
 594              	main:
 595              	.LFB138:
 186:Src/main.c    **** 
 187:Src/main.c    **** /* =========================================================================
 188:Src/main.c    ****  * main
 189:Src/main.c    ****  * ========================================================================= */
 190:Src/main.c    **** 
 191:Src/main.c    **** int main(void)
 192:Src/main.c    **** {
 596              		.loc 1 192 1 is_stmt 1 view -0
 597              		.cfi_startproc
 598              		@ args = 0, pretend = 0, frame = 0
 599              		@ frame_needed = 0, uses_anonymous_args = 0
 600 0000 10B5     		push	{r4, lr}
 601              	.LCFI9:
 602              		.cfi_def_cfa_offset 8
 603              		.cfi_offset 4, -8
 604              		.cfi_offset 14, -4
 193:Src/main.c    ****     SystemClock_Config();
 605              		.loc 1 193 5 view .LVU138
 606 0002 FFF7FEFF 		bl	SystemClock_Config
 607              	.LVL54:
 194:Src/main.c    ****     UART_Init(115200U);
 608              		.loc 1 194 5 view .LVU139
 609 0006 4FF4E130 		mov	r0, #115200
 610 000a FFF7FEFF 		bl	UART_Init
 611              	.LVL55:
 195:Src/main.c    ****     UART1_Init(115200U);
 612              		.loc 1 195 5 view .LVU140
ARM GAS  C:\Users\Taylor\AppData\Local\Temp\ccHPuYtX.s 			page 16


 613 000e 4FF4E130 		mov	r0, #115200
 614 0012 FFF7FEFF 		bl	UART1_Init
 615              	.LVL56:
 196:Src/main.c    ****     LM34_Init();
 616              		.loc 1 196 5 view .LVU141
 617 0016 FFF7FEFF 		bl	LM34_Init
 618              	.LVL57:
 197:Src/main.c    **** 
 198:Src/main.c    ****     UART_SendString("\r\n=== WSN position RX test ===\r\n");
 619              		.loc 1 198 5 view .LVU142
 620 001a 0B48     		ldr	r0, .L52
 621 001c FFF7FEFF 		bl	UART_SendString
 622              	.LVL58:
 199:Src/main.c    ****     UART_SendString("Waiting for position frames from robot_esp...\r\n\r\n");
 623              		.loc 1 199 5 view .LVU143
 624 0020 0A48     		ldr	r0, .L52+4
 625 0022 FFF7FEFF 		bl	UART_SendString
 626              	.LVL59:
 200:Src/main.c    **** 
 201:Src/main.c    ****     uint32_t temp_ms = TEMP_INTERVAL_MS;   /* send on first tick */
 627              		.loc 1 201 5 view .LVU144
 628              		.loc 1 201 14 is_stmt 0 view .LVU145
 629 0026 4FF47A64 		mov	r4, #4000
 630              	.LVL60:
 631              	.L49:
 202:Src/main.c    **** 
 203:Src/main.c    ****     while (1) {
 632              		.loc 1 203 5 is_stmt 1 view .LVU146
 204:Src/main.c    ****         delay_ms(TICK_MS);
 633              		.loc 1 204 9 view .LVU147
 634 002a 0A20     		movs	r0, #10
 635 002c FFF7FEFF 		bl	delay_ms
 636              	.LVL61:
 205:Src/main.c    ****         uart1_rx_poll();
 637              		.loc 1 205 9 view .LVU148
 638 0030 FFF7FEFF 		bl	uart1_rx_poll
 639              	.LVL62:
 206:Src/main.c    **** 
 207:Src/main.c    ****         temp_ms += TICK_MS;
 640              		.loc 1 207 9 view .LVU149
 641              		.loc 1 207 17 is_stmt 0 view .LVU150
 642 0034 0A34     		adds	r4, r4, #10
 643              	.LVL63:
 208:Src/main.c    ****         if (temp_ms >= TEMP_INTERVAL_MS) {
 644              		.loc 1 208 9 is_stmt 1 view .LVU151
 645              		.loc 1 208 12 is_stmt 0 view .LVU152
 646 0036 B4F57A6F 		cmp	r4, #4000
 647 003a F6D3     		bcc	.L49
 648              	.LBB5:
 209:Src/main.c    ****             temp_ms = 0u;
 649              		.loc 1 209 13 is_stmt 1 view .LVU153
 650              	.LVL64:
 210:Src/main.c    ****             int16_t temp = LM34_Read();
 651              		.loc 1 210 13 view .LVU154
 652              		.loc 1 210 28 is_stmt 0 view .LVU155
 653 003c FFF7FEFF 		bl	LM34_Read
 654              	.LVL65:
ARM GAS  C:\Users\Taylor\AppData\Local\Temp\ccHPuYtX.s 			page 17


 211:Src/main.c    ****             send_temp_frame(temp);
 655              		.loc 1 211 13 is_stmt 1 view .LVU156
 656 0040 FFF7FEFF 		bl	send_temp_frame
 657              	.LVL66:
 209:Src/main.c    ****             temp_ms = 0u;
 658              		.loc 1 209 21 is_stmt 0 view .LVU157
 659 0044 0024     		movs	r4, #0
 660 0046 F0E7     		b	.L49
 661              	.L53:
 662              		.align	2
 663              	.L52:
 664 0048 00000000 		.word	.LC8
 665 004c 24000000 		.word	.LC9
 666              	.LBE5:
 667              		.cfi_endproc
 668              	.LFE138:
 670              		.section	.bss.s_rx_buf,"aw",%nobits
 671              		.align	2
 674              	s_rx_buf:
 675 0000 00000000 		.space	64
 675      00000000 
 675      00000000 
 675      00000000 
 675      00000000 
 676              		.section	.bss.s_rx_cksum,"aw",%nobits
 679              	s_rx_cksum:
 680 0000 00       		.space	1
 681              		.section	.bss.s_rx_idx,"aw",%nobits
 684              	s_rx_idx:
 685 0000 00       		.space	1
 686              		.section	.bss.s_rx_len,"aw",%nobits
 689              	s_rx_len:
 690 0000 00       		.space	1
 691              		.section	.bss.s_rx_type,"aw",%nobits
 694              	s_rx_type:
 695 0000 00       		.space	1
 696              		.section	.bss.s_rx_state,"aw",%nobits
 699              	s_rx_state:
 700 0000 00       		.space	1
 701              		.text
 702              	.Letext0:
 703              		.file 2 "C:/Program Files/arm-gnu-toolchain-14.3.rel1-mingw-w64-x86_64-arm-none-eabi/arm-none-eabi
 704              		.file 3 "C:/Program Files/arm-gnu-toolchain-14.3.rel1-mingw-w64-x86_64-arm-none-eabi/arm-none-eabi
 705              		.file 4 "Inc/uart1.h"
 706              		.file 5 "Inc/uart.h"
 707              		.file 6 "Inc/lm34.h"
 708              		.file 7 "Inc/clock.h"
ARM GAS  C:\Users\Taylor\AppData\Local\Temp\ccHPuYtX.s 			page 18


DEFINED SYMBOLS
                            *ABS*:00000000 main.c
C:\Users\Taylor\AppData\Local\Temp\ccHPuYtX.s:21     .text.print_u32:00000000 $t
C:\Users\Taylor\AppData\Local\Temp\ccHPuYtX.s:26     .text.print_u32:00000000 print_u32
C:\Users\Taylor\AppData\Local\Temp\ccHPuYtX.s:122    .text.print_u32:00000058 $d
C:\Users\Taylor\AppData\Local\Temp\ccHPuYtX.s:127    .text.print_int16:00000000 $t
C:\Users\Taylor\AppData\Local\Temp\ccHPuYtX.s:132    .text.print_int16:00000000 print_int16
C:\Users\Taylor\AppData\Local\Temp\ccHPuYtX.s:174    .rodata.process_frame.str1.4:00000000 $d
C:\Users\Taylor\AppData\Local\Temp\ccHPuYtX.s:196    .text.process_frame:00000000 $t
C:\Users\Taylor\AppData\Local\Temp\ccHPuYtX.s:201    .text.process_frame:00000000 process_frame
C:\Users\Taylor\AppData\Local\Temp\ccHPuYtX.s:302    .text.process_frame:00000060 $d
C:\Users\Taylor\AppData\Local\Temp\ccHPuYtX.s:313    .rodata.uart1_rx_poll.str1.4:00000000 $d
C:\Users\Taylor\AppData\Local\Temp\ccHPuYtX.s:317    .text.uart1_rx_poll:00000000 $t
C:\Users\Taylor\AppData\Local\Temp\ccHPuYtX.s:322    .text.uart1_rx_poll:00000000 uart1_rx_poll
C:\Users\Taylor\AppData\Local\Temp\ccHPuYtX.s:388    .text.uart1_rx_poll:00000038 $d
C:\Users\Taylor\AppData\Local\Temp\ccHPuYtX.s:393    .text.uart1_rx_poll:0000004c $t
C:\Users\Taylor\AppData\Local\Temp\ccHPuYtX.s:507    .text.uart1_rx_poll:000000c0 $d
C:\Users\Taylor\AppData\Local\Temp\ccHPuYtX.s:699    .bss.s_rx_state:00000000 s_rx_state
C:\Users\Taylor\AppData\Local\Temp\ccHPuYtX.s:694    .bss.s_rx_type:00000000 s_rx_type
C:\Users\Taylor\AppData\Local\Temp\ccHPuYtX.s:679    .bss.s_rx_cksum:00000000 s_rx_cksum
C:\Users\Taylor\AppData\Local\Temp\ccHPuYtX.s:689    .bss.s_rx_len:00000000 s_rx_len
C:\Users\Taylor\AppData\Local\Temp\ccHPuYtX.s:684    .bss.s_rx_idx:00000000 s_rx_idx
C:\Users\Taylor\AppData\Local\Temp\ccHPuYtX.s:674    .bss.s_rx_buf:00000000 s_rx_buf
C:\Users\Taylor\AppData\Local\Temp\ccHPuYtX.s:518    .text.send_temp_frame:00000000 $t
C:\Users\Taylor\AppData\Local\Temp\ccHPuYtX.s:523    .text.send_temp_frame:00000000 send_temp_frame
C:\Users\Taylor\AppData\Local\Temp\ccHPuYtX.s:580    .rodata.main.str1.4:00000000 $d
C:\Users\Taylor\AppData\Local\Temp\ccHPuYtX.s:588    .text.main:00000000 $t
C:\Users\Taylor\AppData\Local\Temp\ccHPuYtX.s:594    .text.main:00000000 main
C:\Users\Taylor\AppData\Local\Temp\ccHPuYtX.s:664    .text.main:00000048 $d
C:\Users\Taylor\AppData\Local\Temp\ccHPuYtX.s:671    .bss.s_rx_buf:00000000 $d
C:\Users\Taylor\AppData\Local\Temp\ccHPuYtX.s:680    .bss.s_rx_cksum:00000000 $d
C:\Users\Taylor\AppData\Local\Temp\ccHPuYtX.s:685    .bss.s_rx_idx:00000000 $d
C:\Users\Taylor\AppData\Local\Temp\ccHPuYtX.s:690    .bss.s_rx_len:00000000 $d
C:\Users\Taylor\AppData\Local\Temp\ccHPuYtX.s:695    .bss.s_rx_type:00000000 $d
C:\Users\Taylor\AppData\Local\Temp\ccHPuYtX.s:700    .bss.s_rx_state:00000000 $d

UNDEFINED SYMBOLS
UART_SendChar
UART_SendString
UART1_DataAvailable
UART1_ReceiveByte
UART1_SendBytes
SystemClock_Config
UART_Init
UART1_Init
LM34_Init
delay_ms
LM34_Read
